<?xml version="1.0" encoding="UTF-8"?>
<testsuite name="com.boot.awsbook.springboot.web.HelloControllerTest" tests="2" skipped="0" failures="0" errors="0" timestamp="2020-09-10T01:33:09" hostname="LAPTOP-U2EIVEB9" time="0.772">
  <properties/>
  <testcase name="returnHelloDto" classname="com.boot.awsbook.springboot.web.HelloControllerTest" time="0.731"/>
  <testcase name="returnHello" classname="com.boot.awsbook.springboot.web.HelloControllerTest" time="0.039"/>
  <system-out><![CDATA[2020-09-10 10:33:04.948  INFO 17060 --- [    Test worker] .b.t.a.w.s.WebMvcTestContextBootstrapper : Neither @ContextConfiguration nor @ContextHierarchy found for test class [com.boot.awsbook.springboot.web.HelloControllerTest], using SpringBootContextLoader
2020-09-10 10:33:04.955  INFO 17060 --- [    Test worker] o.s.t.c.support.AbstractContextLoader    : Could not detect default resource locations for test class [com.boot.awsbook.springboot.web.HelloControllerTest]: no resource found for suffixes {-context.xml, Context.groovy}.
2020-09-10 10:33:04.956  INFO 17060 --- [    Test worker] t.c.s.AnnotationConfigContextLoaderUtils : Could not detect default configuration classes for test class [com.boot.awsbook.springboot.web.HelloControllerTest]: HelloControllerTest does not declare any static, non-private, non-final, nested classes annotated with @Configuration.
2020-09-10 10:33:05.098  INFO 17060 --- [    Test worker] .b.t.c.SpringBootTestContextBootstrapper : Found @SpringBootConfiguration com.boot.awsbook.springboot.Application for test class com.boot.awsbook.springboot.web.HelloControllerTest
2020-09-10 10:33:05.101  INFO 17060 --- [    Test worker] .b.t.a.w.s.WebMvcTestContextBootstrapper : Loaded default TestExecutionListener class names from location [META-INF/spring.factories]: [org.springframework.security.test.context.support.WithSecurityContextTestExecutionListener, org.springframework.security.test.context.support.ReactorContextTestExecutionListener, org.springframework.boot.test.autoconfigure.restdocs.RestDocsTestExecutionListener, org.springframework.boot.test.autoconfigure.web.client.MockRestServiceServerResetTestExecutionListener, org.springframework.boot.test.autoconfigure.web.servlet.MockMvcPrintOnlyOnFailureTestExecutionListener, org.springframework.boot.test.autoconfigure.web.servlet.WebDriverTestExecutionListener, org.springframework.boot.test.mock.mockito.MockitoTestExecutionListener, org.springframework.boot.test.mock.mockito.ResetMocksTestExecutionListener, org.springframework.test.context.web.ServletTestExecutionListener, org.springframework.test.context.support.DirtiesContextBeforeModesTestExecutionListener, org.springframework.test.context.support.DependencyInjectionTestExecutionListener, org.springframework.test.context.support.DirtiesContextTestExecutionListener, org.springframework.test.context.transaction.TransactionalTestExecutionListener, org.springframework.test.context.jdbc.SqlScriptsTestExecutionListener]
2020-09-10 10:33:05.107  INFO 17060 --- [    Test worker] .b.t.a.w.s.WebMvcTestContextBootstrapper : Using TestExecutionListeners: [org.springframework.test.context.web.ServletTestExecutionListener@39893d42, org.springframework.test.context.support.DirtiesContextBeforeModesTestExecutionListener@2927d3f1, org.springframework.boot.test.mock.mockito.MockitoTestExecutionListener@56527246, org.springframework.boot.test.autoconfigure.SpringBootDependencyInjectionTestExecutionListener@16fcf674, org.springframework.test.context.support.DirtiesContextTestExecutionListener@66efbac4, org.springframework.test.context.transaction.TransactionalTestExecutionListener@714055b3, org.springframework.test.context.jdbc.SqlScriptsTestExecutionListener@3445d99f, org.springframework.security.test.context.support.WithSecurityContextTestExecutionListener@45fbd635, org.springframework.security.test.context.support.ReactorContextTestExecutionListener@5ed97dd4, org.springframework.boot.test.autoconfigure.restdocs.RestDocsTestExecutionListener@2d475671, org.springframework.boot.test.autoconfigure.web.client.MockRestServiceServerResetTestExecutionListener@3754fb67, org.springframework.boot.test.autoconfigure.web.servlet.MockMvcPrintOnlyOnFailureTestExecutionListener@2c85d9c6, org.springframework.boot.test.autoconfigure.web.servlet.WebDriverTestExecutionListener@3927365f, org.springframework.boot.test.mock.mockito.ResetMocksTestExecutionListener@2ec40bd4]

  .   ____          _            __ _ _
 /\\ / ___'_ __ _ _(_)_ __  __ _ \ \ \ \
( ( )\___ | '_ | '_| | '_ \/ _` | \ \ \ \
 \\/  ___)| |_)| | | | | || (_| |  ) ) ) )
  '  |____| .__|_| |_|_| |_\__, | / / / /
 =========|_|==============|___/=/_/_/_/
 :: Spring Boot ::        (v2.1.7.RELEASE)

2020-09-10 10:33:05.264  INFO 17060 --- [    Test worker] c.b.a.s.web.HelloControllerTest          : Starting HelloControllerTest on LAPTOP-U2EIVEB9 with PID 17060 (started by findh in C:\Users\findh\Projects\springboot-webservice)
2020-09-10 10:33:05.268  INFO 17060 --- [    Test worker] c.b.a.s.web.HelloControllerTest          : No active profile set, falling back to default profiles: default
2020-09-10 10:33:07.178  INFO 17060 --- [    Test worker] o.s.s.concurrent.ThreadPoolTaskExecutor  : Initializing ExecutorService 'applicationTaskExecutor'
2020-09-10 10:33:07.337  INFO 17060 --- [    Test worker] o.s.b.a.w.s.WelcomePageHandlerMapping    : Adding welcome page template: index
2020-09-10 10:33:08.300  INFO 17060 --- [    Test worker] .s.s.UserDetailsServiceAutoConfiguration : 

Using generated security password: 4f33f54f-fa48-4a0c-8817-d352b0740868

2020-09-10 10:33:09.002  INFO 17060 --- [    Test worker] o.s.s.web.DefaultSecurityFilterChain     : Creating filter chain: any request, [org.springframework.security.web.context.request.async.WebAsyncManagerIntegrationFilter@2f18b096, org.springframework.security.web.context.SecurityContextPersistenceFilter@7cb6e8ed, org.springframework.security.web.header.HeaderWriterFilter@43e87257, org.springframework.security.web.csrf.CsrfFilter@391245b9, org.springframework.security.web.authentication.logout.LogoutFilter@56c9dc23, org.springframework.security.web.authentication.UsernamePasswordAuthenticationFilter@16be3f5a, org.springframework.security.web.authentication.ui.DefaultLoginPageGeneratingFilter@481e92e8, org.springframework.security.web.authentication.ui.DefaultLogoutPageGeneratingFilter@36065207, org.springframework.security.web.authentication.www.BasicAuthenticationFilter@65a0db77, org.springframework.security.web.savedrequest.RequestCacheAwareFilter@4656265c, org.springframework.security.web.servletapi.SecurityContextHolderAwareRequestFilter@462c8e0b, org.springframework.security.web.authentication.AnonymousAuthenticationFilter@551e4cd3, org.springframework.security.web.session.SessionManagementFilter@687cc81e, org.springframework.security.web.access.ExceptionTranslationFilter@1877bbc, org.springframework.security.web.access.intercept.FilterSecurityInterceptor@18222303]
2020-09-10 10:33:09.193  INFO 17060 --- [    Test worker] o.s.b.t.m.w.SpringBootMockServletContext : Initializing Spring TestDispatcherServlet ''
2020-09-10 10:33:09.194  INFO 17060 --- [    Test worker] o.s.t.web.servlet.TestDispatcherServlet  : Initializing Servlet ''
2020-09-10 10:33:09.266  INFO 17060 --- [    Test worker] o.s.t.web.servlet.TestDispatcherServlet  : Completed initialization in 71 ms
2020-09-10 10:33:09.435  INFO 17060 --- [    Test worker] c.b.a.s.web.HelloControllerTest          : Started HelloControllerTest in 4.312 seconds (JVM running for 31.36)
]]></system-out>
  <system-err><![CDATA[]]></system-err>
</testsuite>
