<?xml version="1.0" encoding="UTF-8"?>
<testsuite name="com.boot.awsbook.springboot.domain.posts.PostRepositoryTest" tests="2" skipped="0" failures="0" errors="0" timestamp="2020-09-10T01:33:03" hostname="LAPTOP-U2EIVEB9" time="1.67">
  <properties/>
  <testcase name="save_findPost" classname="com.boot.awsbook.springboot.domain.posts.PostRepositoryTest" time="1.565"/>
  <testcase name="BaseTimeEntitySave" classname="com.boot.awsbook.springboot.domain.posts.PostRepositoryTest" time="0.101"/>
  <system-out><![CDATA[10:32:39.629 [Test worker] DEBUG org.springframework.test.context.junit4.SpringJUnit4ClassRunner - SpringJUnit4ClassRunner constructor called with [class com.boot.awsbook.springboot.domain.posts.PostRepositoryTest]
10:32:39.643 [Test worker] DEBUG org.springframework.test.context.BootstrapUtils - Instantiating CacheAwareContextLoaderDelegate from class [org.springframework.test.context.cache.DefaultCacheAwareContextLoaderDelegate]
10:32:39.743 [Test worker] DEBUG org.springframework.test.context.BootstrapUtils - Instantiating BootstrapContext using constructor [public org.springframework.test.context.support.DefaultBootstrapContext(java.lang.Class,org.springframework.test.context.CacheAwareContextLoaderDelegate)]
10:32:39.780 [Test worker] DEBUG org.springframework.test.context.BootstrapUtils - Instantiating TestContextBootstrapper for test class [com.boot.awsbook.springboot.domain.posts.PostRepositoryTest] from class [org.springframework.boot.test.context.SpringBootTestContextBootstrapper]
10:32:39.799 [Test worker] INFO org.springframework.boot.test.context.SpringBootTestContextBootstrapper - Neither @ContextConfiguration nor @ContextHierarchy found for test class [com.boot.awsbook.springboot.domain.posts.PostRepositoryTest], using SpringBootContextLoader
10:32:39.802 [Test worker] DEBUG org.springframework.test.context.support.AbstractContextLoader - Did not detect default resource location for test class [com.boot.awsbook.springboot.domain.posts.PostRepositoryTest]: class path resource [com/boot/awsbook/springboot/domain/posts/PostRepositoryTest-context.xml] does not exist
10:32:39.803 [Test worker] DEBUG org.springframework.test.context.support.AbstractContextLoader - Did not detect default resource location for test class [com.boot.awsbook.springboot.domain.posts.PostRepositoryTest]: class path resource [com/boot/awsbook/springboot/domain/posts/PostRepositoryTestContext.groovy] does not exist
10:32:39.803 [Test worker] INFO org.springframework.test.context.support.AbstractContextLoader - Could not detect default resource locations for test class [com.boot.awsbook.springboot.domain.posts.PostRepositoryTest]: no resource found for suffixes {-context.xml, Context.groovy}.
10:32:39.803 [Test worker] INFO org.springframework.test.context.support.AnnotationConfigContextLoaderUtils - Could not detect default configuration classes for test class [com.boot.awsbook.springboot.domain.posts.PostRepositoryTest]: PostRepositoryTest does not declare any static, non-private, non-final, nested classes annotated with @Configuration.
10:32:39.969 [Test worker] DEBUG org.springframework.test.context.support.ActiveProfilesUtils - Could not find an 'annotation declaring class' for annotation type [org.springframework.test.context.ActiveProfiles] and class [com.boot.awsbook.springboot.domain.posts.PostRepositoryTest]
10:32:40.267 [Test worker] DEBUG org.springframework.context.annotation.ClassPathScanningCandidateComponentProvider - Identified candidate component class: file [C:\Users\findh\Projects\springboot-webservice\build\classes\java\main\com\boot\awsbook\springboot\Application.class]
10:32:40.269 [Test worker] INFO org.springframework.boot.test.context.SpringBootTestContextBootstrapper - Found @SpringBootConfiguration com.boot.awsbook.springboot.Application for test class com.boot.awsbook.springboot.domain.posts.PostRepositoryTest
10:32:40.457 [Test worker] DEBUG org.springframework.boot.test.context.SpringBootTestContextBootstrapper - @TestExecutionListeners is not present for class [com.boot.awsbook.springboot.domain.posts.PostRepositoryTest]: using defaults.
10:32:40.467 [Test worker] INFO org.springframework.boot.test.context.SpringBootTestContextBootstrapper - Loaded default TestExecutionListener class names from location [META-INF/spring.factories]: [org.springframework.security.test.context.support.WithSecurityContextTestExecutionListener, org.springframework.security.test.context.support.ReactorContextTestExecutionListener, org.springframework.boot.test.autoconfigure.restdocs.RestDocsTestExecutionListener, org.springframework.boot.test.autoconfigure.web.client.MockRestServiceServerResetTestExecutionListener, org.springframework.boot.test.autoconfigure.web.servlet.MockMvcPrintOnlyOnFailureTestExecutionListener, org.springframework.boot.test.autoconfigure.web.servlet.WebDriverTestExecutionListener, org.springframework.boot.test.mock.mockito.MockitoTestExecutionListener, org.springframework.boot.test.mock.mockito.ResetMocksTestExecutionListener, org.springframework.test.context.web.ServletTestExecutionListener, org.springframework.test.context.support.DirtiesContextBeforeModesTestExecutionListener, org.springframework.test.context.support.DependencyInjectionTestExecutionListener, org.springframework.test.context.support.DirtiesContextTestExecutionListener, org.springframework.test.context.transaction.TransactionalTestExecutionListener, org.springframework.test.context.jdbc.SqlScriptsTestExecutionListener]
10:32:40.529 [Test worker] INFO org.springframework.boot.test.context.SpringBootTestContextBootstrapper - Using TestExecutionListeners: [org.springframework.test.context.web.ServletTestExecutionListener@2ec361f4, org.springframework.test.context.support.DirtiesContextBeforeModesTestExecutionListener@7fc95e37, org.springframework.boot.test.mock.mockito.MockitoTestExecutionListener@5bd6f3a9, org.springframework.boot.test.autoconfigure.SpringBootDependencyInjectionTestExecutionListener@1a95ffd, org.springframework.test.context.support.DirtiesContextTestExecutionListener@34d052fd, org.springframework.test.context.transaction.TransactionalTestExecutionListener@15d9ab6, org.springframework.test.context.jdbc.SqlScriptsTestExecutionListener@6dfa6a8f, org.springframework.security.test.context.support.WithSecurityContextTestExecutionListener@26e7967a, org.springframework.security.test.context.support.ReactorContextTestExecutionListener@10967fe1, org.springframework.boot.test.autoconfigure.restdocs.RestDocsTestExecutionListener@7df3cf6f, org.springframework.boot.test.autoconfigure.web.client.MockRestServiceServerResetTestExecutionListener@43637c4c, org.springframework.boot.test.autoconfigure.web.servlet.MockMvcPrintOnlyOnFailureTestExecutionListener@59ad661c, org.springframework.boot.test.autoconfigure.web.servlet.WebDriverTestExecutionListener@7ae763bf, org.springframework.boot.test.mock.mockito.ResetMocksTestExecutionListener@198c433b]
10:32:40.540 [Test worker] DEBUG org.springframework.test.annotation.ProfileValueUtils - Retrieved @ProfileValueSourceConfiguration [null] for test class [com.boot.awsbook.springboot.domain.posts.PostRepositoryTest]
10:32:40.541 [Test worker] DEBUG org.springframework.test.annotation.ProfileValueUtils - Retrieved ProfileValueSource type [class org.springframework.test.annotation.SystemProfileValueSource] for class [com.boot.awsbook.springboot.domain.posts.PostRepositoryTest]
10:32:40.544 [Test worker] DEBUG org.springframework.test.annotation.ProfileValueUtils - Retrieved @ProfileValueSourceConfiguration [null] for test class [com.boot.awsbook.springboot.domain.posts.PostRepositoryTest]
10:32:40.545 [Test worker] DEBUG org.springframework.test.annotation.ProfileValueUtils - Retrieved ProfileValueSource type [class org.springframework.test.annotation.SystemProfileValueSource] for class [com.boot.awsbook.springboot.domain.posts.PostRepositoryTest]
10:32:40.584 [Test worker] DEBUG org.springframework.test.context.support.AbstractDirtiesContextTestExecutionListener - Before test class: context [DefaultTestContext@249db8a4 testClass = PostRepositoryTest, testInstance = [null], testMethod = [null], testException = [null], mergedContextConfiguration = [WebMergedContextConfiguration@175761e8 testClass = PostRepositoryTest, locations = '{}', classes = '{class com.boot.awsbook.springboot.Application}', contextInitializerClasses = '[]', activeProfiles = '{}', propertySourceLocations = '{}', propertySourceProperties = '{org.springframework.boot.test.context.SpringBootTestContextBootstrapper=true}', contextCustomizers = set[org.springframework.boot.test.autoconfigure.properties.PropertyMappingContextCustomizer@0, org.springframework.boot.test.autoconfigure.web.servlet.WebDriverContextCustomizerFactory$Customizer@795ebf66, org.springframework.boot.test.context.filter.ExcludeFilterContextCustomizer@625508dd, org.springframework.boot.test.json.DuplicateJsonObjectContextCustomizerFactory$DuplicateJsonObjectContextCustomizer@175df972, org.springframework.boot.test.mock.mockito.MockitoContextCustomizer@0, org.springframework.boot.test.web.client.TestRestTemplateContextCustomizer@3f0f67e0], resourceBasePath = 'src/main/webapp', contextLoader = 'org.springframework.boot.test.context.SpringBootContextLoader', parent = [null]], attributes = map['org.springframework.test.context.web.ServletTestExecutionListener.activateListener' -> true]], class annotated with @DirtiesContext [false] with mode [null].
10:32:40.588 [Test worker] DEBUG org.springframework.test.annotation.ProfileValueUtils - Retrieved @ProfileValueSourceConfiguration [null] for test class [com.boot.awsbook.springboot.domain.posts.PostRepositoryTest]
10:32:40.589 [Test worker] DEBUG org.springframework.test.annotation.ProfileValueUtils - Retrieved ProfileValueSource type [class org.springframework.test.annotation.SystemProfileValueSource] for class [com.boot.awsbook.springboot.domain.posts.PostRepositoryTest]
10:32:40.673 [Test worker] DEBUG org.springframework.test.context.support.TestPropertySourceUtils - Adding inlined properties to environment: {spring.jmx.enabled=false, org.springframework.boot.test.context.SpringBootTestContextBootstrapper=true, server.port=-1}

  .   ____          _            __ _ _
 /\\ / ___'_ __ _ _(_)_ __  __ _ \ \ \ \
( ( )\___ | '_ | '_| | '_ \/ _` | \ \ \ \
 \\/  ___)| |_)| | | | | || (_| |  ) ) ) )
  '  |____| .__|_| |_|_| |_\__, | / / / /
 =========|_|==============|___/=/_/_/_/
 :: Spring Boot ::        (v2.1.7.RELEASE)

2020-09-10 10:32:41.507  INFO 17060 --- [    Test worker] c.b.a.s.domain.posts.PostRepositoryTest  : Starting PostRepositoryTest on LAPTOP-U2EIVEB9 with PID 17060 (started by findh in C:\Users\findh\Projects\springboot-webservice)
2020-09-10 10:32:41.511  INFO 17060 --- [    Test worker] c.b.a.s.domain.posts.PostRepositoryTest  : No active profile set, falling back to default profiles: default
2020-09-10 10:32:44.949  INFO 17060 --- [    Test worker] .s.d.r.c.RepositoryConfigurationDelegate : Bootstrapping Spring Data repositories in DEFAULT mode.
2020-09-10 10:32:45.106  INFO 17060 --- [    Test worker] .s.d.r.c.RepositoryConfigurationDelegate : Finished Spring Data repository scanning in 148ms. Found 2 repository interfaces.
2020-09-10 10:32:46.595  INFO 17060 --- [    Test worker] trationDelegate$BeanPostProcessorChecker : Bean 'org.springframework.transaction.annotation.ProxyTransactionManagementConfiguration' of type [org.springframework.transaction.annotation.ProxyTransactionManagementConfiguration$$EnhancerBySpringCGLIB$$2d106a91] is not eligible for getting processed by all BeanPostProcessors (for example: not eligible for auto-proxying)
2020-09-10 10:32:47.662  INFO 17060 --- [    Test worker] com.zaxxer.hikari.HikariDataSource       : HikariPool-1 - Starting...
2020-09-10 10:32:48.023  INFO 17060 --- [    Test worker] com.zaxxer.hikari.HikariDataSource       : HikariPool-1 - Start completed.
2020-09-10 10:32:48.445  INFO 17060 --- [    Test worker] o.hibernate.jpa.internal.util.LogHelper  : HHH000204: Processing PersistenceUnitInfo [
	name: default
	...]
2020-09-10 10:32:48.551  INFO 17060 --- [    Test worker] org.hibernate.Version                    : HHH000412: Hibernate Core {5.3.10.Final}
2020-09-10 10:32:48.553  INFO 17060 --- [    Test worker] org.hibernate.cfg.Environment            : HHH000206: hibernate.properties not found
2020-09-10 10:32:48.894  INFO 17060 --- [    Test worker] o.hibernate.annotations.common.Version   : HCANN000001: Hibernate Commons Annotations {5.0.4.Final}
2020-09-10 10:32:49.347  INFO 17060 --- [    Test worker] org.hibernate.dialect.Dialect            : HHH000400: Using dialect: org.hibernate.dialect.MySQL5InnoDBDialect
Hibernate: drop table if exists posts
Hibernate: drop table if exists user
Hibernate: create table posts (id bigint not null auto_increment, created_date datetime, modified_date datetime, author varchar(255), content TEXT not null, title varchar(500) not null, primary key (id)) engine=InnoDB
Hibernate: create table user (id bigint not null auto_increment, created_date datetime, modified_date datetime, email varchar(255) not null, name varchar(255) not null, picture varchar(255), role varchar(255) not null, primary key (id)) engine=InnoDB
2020-09-10 10:32:50.836  INFO 17060 --- [    Test worker] o.h.t.schema.internal.SchemaCreatorImpl  : HHH000476: Executing import script 'org.hibernate.tool.schema.internal.exec.ScriptSourceInputNonExistentImpl@7bfb2f84'
2020-09-10 10:32:50.845  INFO 17060 --- [    Test worker] j.LocalContainerEntityManagerFactoryBean : Initialized JPA EntityManagerFactory for persistence unit 'default'
2020-09-10 10:32:53.625  INFO 17060 --- [    Test worker] o.h.h.i.QueryTranslatorFactoryInitiator  : HHH000397: Using ASTQueryTranslatorFactory
2020-09-10 10:32:56.492  INFO 17060 --- [    Test worker] o.s.s.web.DefaultSecurityFilterChain     : Creating filter chain: any request, [org.springframework.security.web.context.request.async.WebAsyncManagerIntegrationFilter@5bde0c63, org.springframework.security.web.context.SecurityContextPersistenceFilter@7b803df5, org.springframework.security.web.header.HeaderWriterFilter@6cdb81bc, org.springframework.security.web.authentication.logout.LogoutFilter@1b728630, org.springframework.security.oauth2.client.web.OAuth2AuthorizationRequestRedirectFilter@3b65aafd, org.springframework.security.oauth2.client.web.OAuth2LoginAuthenticationFilter@59af7422, org.springframework.security.web.authentication.ui.DefaultLoginPageGeneratingFilter@34c9ed60, org.springframework.security.web.authentication.ui.DefaultLogoutPageGeneratingFilter@596b6714, org.springframework.security.web.savedrequest.RequestCacheAwareFilter@3d5b210, org.springframework.security.web.servletapi.SecurityContextHolderAwareRequestFilter@765e4578, org.springframework.security.web.authentication.AnonymousAuthenticationFilter@308336a2, org.springframework.security.web.session.SessionManagementFilter@59fed8bc, org.springframework.security.web.access.ExceptionTranslationFilter@6c8c0dbc, org.springframework.security.web.access.intercept.FilterSecurityInterceptor@6037c1cf]
2020-09-10 10:32:59.397  INFO 17060 --- [    Test worker] o.s.s.concurrent.ThreadPoolTaskExecutor  : Initializing ExecutorService 'applicationTaskExecutor'
2020-09-10 10:32:59.764  WARN 17060 --- [    Test worker] aWebConfiguration$JpaWebMvcConfiguration : spring.jpa.open-in-view is enabled by default. Therefore, database queries may be performed during view rendering. Explicitly configure spring.jpa.open-in-view to disable this warning
2020-09-10 10:33:00.112  INFO 17060 --- [    Test worker] o.s.b.a.w.s.WelcomePageHandlerMapping    : Adding welcome page template: index
2020-09-10 10:33:02.945  INFO 17060 --- [    Test worker] s.a.ScheduledAnnotationBeanPostProcessor : No TaskScheduler/ScheduledExecutorService bean found for scheduled processing
2020-09-10 10:33:02.997  INFO 17060 --- [    Test worker] c.b.a.s.domain.posts.PostRepositoryTest  : Started PostRepositoryTest in 22.308 seconds (JVM running for 24.922)
Hibernate: insert into posts (created_date, modified_date, author, content, title) values (?, ?, ?, ?, ?)
Hibernate: select posts0_.id as id1_0_, posts0_.created_date as created_2_0_, posts0_.modified_date as modified3_0_, posts0_.author as author4_0_, posts0_.content as content5_0_, posts0_.title as title6_0_ from posts posts0_
Hibernate: select posts0_.id as id1_0_, posts0_.created_date as created_2_0_, posts0_.modified_date as modified3_0_, posts0_.author as author4_0_, posts0_.content as content5_0_, posts0_.title as title6_0_ from posts posts0_
Hibernate: delete from posts where id=?
Hibernate: insert into posts (created_date, modified_date, author, content, title) values (?, ?, ?, ?, ?)
Hibernate: select posts0_.id as id1_0_, posts0_.created_date as created_2_0_, posts0_.modified_date as modified3_0_, posts0_.author as author4_0_, posts0_.content as content5_0_, posts0_.title as title6_0_ from posts posts0_
>>>>>>>>>>>>>>>>>>>> createDate=2020-09-10T10:33:04.704, modifiedDate=2020-09-10T10:33:04.704
Hibernate: select posts0_.id as id1_0_, posts0_.created_date as created_2_0_, posts0_.modified_date as modified3_0_, posts0_.author as author4_0_, posts0_.content as content5_0_, posts0_.title as title6_0_ from posts posts0_
Hibernate: delete from posts where id=?
]]></system-out>
  <system-err><![CDATA[]]></system-err>
</testsuite>
