<?xml version="1.0" encoding="UTF-8"?>
<testsuite name="com.boot.awsbook.springboot.web.IndexControllerTest" tests="1" skipped="0" failures="0" errors="0" timestamp="2020-09-10T01:33:21" hostname="LAPTOP-U2EIVEB9" time="0.805">
  <properties/>
  <testcase name="loadMainpage" classname="com.boot.awsbook.springboot.web.IndexControllerTest" time="0.805"/>
  <system-out><![CDATA[2020-09-10 10:33:10.235  INFO 17060 --- [    Test worker] .b.t.c.SpringBootTestContextBootstrapper : Neither @ContextConfiguration nor @ContextHierarchy found for test class [com.boot.awsbook.springboot.web.IndexControllerTest], using SpringBootContextLoader
2020-09-10 10:33:10.240  INFO 17060 --- [    Test worker] o.s.t.c.support.AbstractContextLoader    : Could not detect default resource locations for test class [com.boot.awsbook.springboot.web.IndexControllerTest]: no resource found for suffixes {-context.xml, Context.groovy}.
2020-09-10 10:33:10.241  INFO 17060 --- [    Test worker] t.c.s.AnnotationConfigContextLoaderUtils : Could not detect default configuration classes for test class [com.boot.awsbook.springboot.web.IndexControllerTest]: IndexControllerTest does not declare any static, non-private, non-final, nested classes annotated with @Configuration.
2020-09-10 10:33:10.258  INFO 17060 --- [    Test worker] .b.t.c.SpringBootTestContextBootstrapper : Found @SpringBootConfiguration com.boot.awsbook.springboot.Application for test class com.boot.awsbook.springboot.web.IndexControllerTest
2020-09-10 10:33:10.265  INFO 17060 --- [    Test worker] .b.t.c.SpringBootTestContextBootstrapper : Loaded default TestExecutionListener class names from location [META-INF/spring.factories]: [org.springframework.security.test.context.support.WithSecurityContextTestExecutionListener, org.springframework.security.test.context.support.ReactorContextTestExecutionListener, org.springframework.boot.test.autoconfigure.restdocs.RestDocsTestExecutionListener, org.springframework.boot.test.autoconfigure.web.client.MockRestServiceServerResetTestExecutionListener, org.springframework.boot.test.autoconfigure.web.servlet.MockMvcPrintOnlyOnFailureTestExecutionListener, org.springframework.boot.test.autoconfigure.web.servlet.WebDriverTestExecutionListener, org.springframework.boot.test.mock.mockito.MockitoTestExecutionListener, org.springframework.boot.test.mock.mockito.ResetMocksTestExecutionListener, org.springframework.test.context.web.ServletTestExecutionListener, org.springframework.test.context.support.DirtiesContextBeforeModesTestExecutionListener, org.springframework.test.context.support.DependencyInjectionTestExecutionListener, org.springframework.test.context.support.DirtiesContextTestExecutionListener, org.springframework.test.context.transaction.TransactionalTestExecutionListener, org.springframework.test.context.jdbc.SqlScriptsTestExecutionListener]
2020-09-10 10:33:10.274  INFO 17060 --- [    Test worker] .b.t.c.SpringBootTestContextBootstrapper : Using TestExecutionListeners: [org.springframework.test.context.web.ServletTestExecutionListener@20b41020, org.springframework.test.context.support.DirtiesContextBeforeModesTestExecutionListener@3d88eff4, org.springframework.boot.test.mock.mockito.MockitoTestExecutionListener@40785724, org.springframework.boot.test.autoconfigure.SpringBootDependencyInjectionTestExecutionListener@682bd7c8, org.springframework.test.context.support.DirtiesContextTestExecutionListener@681efffd, org.springframework.test.context.transaction.TransactionalTestExecutionListener@12934a45, org.springframework.test.context.jdbc.SqlScriptsTestExecutionListener@10d0fe44, org.springframework.security.test.context.support.WithSecurityContextTestExecutionListener@2673ee01, org.springframework.security.test.context.support.ReactorContextTestExecutionListener@390d0c25, org.springframework.boot.test.autoconfigure.restdocs.RestDocsTestExecutionListener@3144a823, org.springframework.boot.test.autoconfigure.web.client.MockRestServiceServerResetTestExecutionListener@26714291, org.springframework.boot.test.autoconfigure.web.servlet.MockMvcPrintOnlyOnFailureTestExecutionListener@1f4bb3b8, org.springframework.boot.test.autoconfigure.web.servlet.WebDriverTestExecutionListener@4e76e850, org.springframework.boot.test.mock.mockito.ResetMocksTestExecutionListener@5ae7440d]

  .   ____          _            __ _ _
 /\\ / ___'_ __ _ _(_)_ __  __ _ \ \ \ \
( ( )\___ | '_ | '_| | '_ \/ _` | \ \ \ \
 \\/  ___)| |_)| | | | | || (_| |  ) ) ) )
  '  |____| .__|_| |_|_| |_\__, | / / / /
 =========|_|==============|___/=/_/_/_/
 :: Spring Boot ::        (v2.1.7.RELEASE)

2020-09-10 10:33:10.471  INFO 17060 --- [    Test worker] c.b.a.s.web.IndexControllerTest          : Starting IndexControllerTest on LAPTOP-U2EIVEB9 with PID 17060 (started by findh in C:\Users\findh\Projects\springboot-webservice)
2020-09-10 10:33:10.473  INFO 17060 --- [    Test worker] c.b.a.s.web.IndexControllerTest          : No active profile set, falling back to default profiles: default
2020-09-10 10:33:11.458  INFO 17060 --- [    Test worker] .s.d.r.c.RepositoryConfigurationDelegate : Bootstrapping Spring Data repositories in DEFAULT mode.
2020-09-10 10:33:11.600  INFO 17060 --- [    Test worker] .s.d.r.c.RepositoryConfigurationDelegate : Finished Spring Data repository scanning in 141ms. Found 2 repository interfaces.
2020-09-10 10:33:12.239  INFO 17060 --- [    Test worker] trationDelegate$BeanPostProcessorChecker : Bean 'org.springframework.transaction.annotation.ProxyTransactionManagementConfiguration' of type [org.springframework.transaction.annotation.ProxyTransactionManagementConfiguration$$EnhancerBySpringCGLIB$$2d106a91] is not eligible for getting processed by all BeanPostProcessors (for example: not eligible for auto-proxying)
2020-09-10 10:33:13.529  INFO 17060 --- [    Test worker] o.s.b.w.embedded.tomcat.TomcatWebServer  : Tomcat initialized with port(s): 0 (http)
2020-09-10 10:33:13.839  INFO 17060 --- [    Test worker] o.apache.catalina.core.StandardService   : Starting service [Tomcat]
2020-09-10 10:33:13.841  INFO 17060 --- [    Test worker] org.apache.catalina.core.StandardEngine  : Starting Servlet engine: [Apache Tomcat/9.0.22]
2020-09-10 10:33:14.806  INFO 17060 --- [    Test worker] o.a.c.c.C.[Tomcat].[localhost].[/]       : Initializing Spring embedded WebApplicationContext
2020-09-10 10:33:14.807  INFO 17060 --- [    Test worker] o.s.web.context.ContextLoader            : Root WebApplicationContext: initialization completed in 4318 ms
2020-09-10 10:33:15.898  INFO 17060 --- [    Test worker] com.zaxxer.hikari.HikariDataSource       : HikariPool-2 - Starting...
2020-09-10 10:33:15.903  INFO 17060 --- [    Test worker] com.zaxxer.hikari.HikariDataSource       : HikariPool-2 - Start completed.
2020-09-10 10:33:16.105  INFO 17060 --- [    Test worker] o.hibernate.jpa.internal.util.LogHelper  : HHH000204: Processing PersistenceUnitInfo [
	name: default
	...]
2020-09-10 10:33:16.149  INFO 17060 --- [    Test worker] org.hibernate.dialect.Dialect            : HHH000400: Using dialect: org.hibernate.dialect.MySQL5InnoDBDialect
Hibernate: drop table if exists posts
Hibernate: drop table if exists user
Hibernate: create table posts (id bigint not null auto_increment, created_date datetime, modified_date datetime, author varchar(255), content TEXT not null, title varchar(500) not null, primary key (id)) engine=InnoDB
Hibernate: create table user (id bigint not null auto_increment, created_date datetime, modified_date datetime, email varchar(255) not null, name varchar(255) not null, picture varchar(255), role varchar(255) not null, primary key (id)) engine=InnoDB
2020-09-10 10:33:16.386  INFO 17060 --- [    Test worker] o.h.t.schema.internal.SchemaCreatorImpl  : HHH000476: Executing import script 'org.hibernate.tool.schema.internal.exec.ScriptSourceInputNonExistentImpl@7bfb2f84'
2020-09-10 10:33:16.387  INFO 17060 --- [    Test worker] j.LocalContainerEntityManagerFactoryBean : Initialized JPA EntityManagerFactory for persistence unit 'default'
2020-09-10 10:33:18.197  INFO 17060 --- [    Test worker] o.h.h.i.QueryTranslatorFactoryInitiator  : HHH000397: Using ASTQueryTranslatorFactory
2020-09-10 10:33:19.142  INFO 17060 --- [    Test worker] o.s.s.web.DefaultSecurityFilterChain     : Creating filter chain: any request, [org.springframework.security.web.context.request.async.WebAsyncManagerIntegrationFilter@19227acc, org.springframework.security.web.context.SecurityContextPersistenceFilter@4fd1c658, org.springframework.security.web.header.HeaderWriterFilter@42dd25e2, org.springframework.security.web.authentication.logout.LogoutFilter@149b254b, org.springframework.security.oauth2.client.web.OAuth2AuthorizationRequestRedirectFilter@4aacf40e, org.springframework.security.oauth2.client.web.OAuth2LoginAuthenticationFilter@c4412a8, org.springframework.security.web.authentication.ui.DefaultLoginPageGeneratingFilter@55b9caa2, org.springframework.security.web.authentication.ui.DefaultLogoutPageGeneratingFilter@6802e1a9, org.springframework.security.web.savedrequest.RequestCacheAwareFilter@6570554a, org.springframework.security.web.servletapi.SecurityContextHolderAwareRequestFilter@4e298e33, org.springframework.security.web.authentication.AnonymousAuthenticationFilter@45a36423, org.springframework.security.web.session.SessionManagementFilter@613f5692, org.springframework.security.web.access.ExceptionTranslationFilter@28c05979, org.springframework.security.web.access.intercept.FilterSecurityInterceptor@3d199918]
2020-09-10 10:33:20.055  INFO 17060 --- [    Test worker] o.s.s.concurrent.ThreadPoolTaskExecutor  : Initializing ExecutorService 'applicationTaskExecutor'
2020-09-10 10:33:20.126  WARN 17060 --- [    Test worker] aWebConfiguration$JpaWebMvcConfiguration : spring.jpa.open-in-view is enabled by default. Therefore, database queries may be performed during view rendering. Explicitly configure spring.jpa.open-in-view to disable this warning
2020-09-10 10:33:20.280  INFO 17060 --- [    Test worker] o.s.b.a.w.s.WelcomePageHandlerMapping    : Adding welcome page template: index
2020-09-10 10:33:21.806  INFO 17060 --- [    Test worker] s.a.ScheduledAnnotationBeanPostProcessor : No TaskScheduler/ScheduledExecutorService bean found for scheduled processing
2020-09-10 10:33:21.922  INFO 17060 --- [    Test worker] o.s.b.w.embedded.tomcat.TomcatWebServer  : Tomcat started on port(s): 50072 (http) with context path ''
2020-09-10 10:33:21.928  INFO 17060 --- [    Test worker] c.b.a.s.web.IndexControllerTest          : Started IndexControllerTest in 11.643 seconds (JVM running for 43.852)
2020-09-10 10:33:22.348  INFO 17060 --- [o-auto-1-exec-1] o.a.c.c.C.[Tomcat].[localhost].[/]       : Initializing Spring DispatcherServlet 'dispatcherServlet'
2020-09-10 10:33:22.349  INFO 17060 --- [o-auto-1-exec-1] o.s.web.servlet.DispatcherServlet        : Initializing Servlet 'dispatcherServlet'
2020-09-10 10:33:22.433  INFO 17060 --- [o-auto-1-exec-1] o.s.web.servlet.DispatcherServlet        : Completed initialization in 83 ms
Hibernate: select posts0_.id as id1_0_, posts0_.created_date as created_2_0_, posts0_.modified_date as modified3_0_, posts0_.author as author4_0_, posts0_.content as content5_0_, posts0_.title as title6_0_ from posts posts0_ order by posts0_.id DESC
]]></system-out>
  <system-err><![CDATA[]]></system-err>
</testsuite>
