<?xml version="1.0" encoding="UTF-8"?>
<testsuite name="com.boot.awsbook.springboot.web.PostsApiControllerTest" tests="2" skipped="0" failures="0" errors="0" timestamp="2020-09-04T06:28:40" hostname="LAPTOP-U2EIVEB9" time="0.109">
  <properties/>
  <testcase name="postsUpdate" classname="com.boot.awsbook.springboot.web.PostsApiControllerTest" time="0.092"/>
  <testcase name="postsSave" classname="com.boot.awsbook.springboot.web.PostsApiControllerTest" time="0.016"/>
  <system-out><![CDATA[2020-09-04 15:28:40.518  INFO 9268 --- [    Test worker] .b.t.c.SpringBootTestContextBootstrapper : Neither @ContextConfiguration nor @ContextHierarchy found for test class [com.boot.awsbook.springboot.web.PostsApiControllerTest], using SpringBootContextLoader
2020-09-04 15:28:40.518  INFO 9268 --- [    Test worker] o.s.t.c.support.AbstractContextLoader    : Could not detect default resource locations for test class [com.boot.awsbook.springboot.web.PostsApiControllerTest]: no resource found for suffixes {-context.xml, Context.groovy}.
2020-09-04 15:28:40.518  INFO 9268 --- [    Test worker] t.c.s.AnnotationConfigContextLoaderUtils : Could not detect default configuration classes for test class [com.boot.awsbook.springboot.web.PostsApiControllerTest]: PostsApiControllerTest does not declare any static, non-private, non-final, nested classes annotated with @Configuration.
2020-09-04 15:28:40.518  INFO 9268 --- [    Test worker] .b.t.c.SpringBootTestContextBootstrapper : Found @SpringBootConfiguration com.boot.awsbook.springboot.Application for test class com.boot.awsbook.springboot.web.PostsApiControllerTest
2020-09-04 15:28:40.518  INFO 9268 --- [    Test worker] .b.t.c.SpringBootTestContextBootstrapper : Loaded default TestExecutionListener class names from location [META-INF/spring.factories]: [org.springframework.security.test.context.support.WithSecurityContextTestExecutionListener, org.springframework.security.test.context.support.ReactorContextTestExecutionListener, org.springframework.boot.test.autoconfigure.restdocs.RestDocsTestExecutionListener, org.springframework.boot.test.autoconfigure.web.client.MockRestServiceServerResetTestExecutionListener, org.springframework.boot.test.autoconfigure.web.servlet.MockMvcPrintOnlyOnFailureTestExecutionListener, org.springframework.boot.test.autoconfigure.web.servlet.WebDriverTestExecutionListener, org.springframework.boot.test.mock.mockito.MockitoTestExecutionListener, org.springframework.boot.test.mock.mockito.ResetMocksTestExecutionListener, org.springframework.test.context.web.ServletTestExecutionListener, org.springframework.test.context.support.DirtiesContextBeforeModesTestExecutionListener, org.springframework.test.context.support.DependencyInjectionTestExecutionListener, org.springframework.test.context.support.DirtiesContextTestExecutionListener, org.springframework.test.context.transaction.TransactionalTestExecutionListener, org.springframework.test.context.jdbc.SqlScriptsTestExecutionListener]
2020-09-04 15:28:40.518  INFO 9268 --- [    Test worker] .b.t.c.SpringBootTestContextBootstrapper : Using TestExecutionListeners: [org.springframework.test.context.web.ServletTestExecutionListener@762efe66, org.springframework.test.context.support.DirtiesContextBeforeModesTestExecutionListener@3369070b, org.springframework.boot.test.mock.mockito.MockitoTestExecutionListener@6a245db, org.springframework.boot.test.autoconfigure.SpringBootDependencyInjectionTestExecutionListener@3ad8ed9f, org.springframework.test.context.support.DirtiesContextTestExecutionListener@3b04e96c, org.springframework.test.context.transaction.TransactionalTestExecutionListener@40aef058, org.springframework.test.context.jdbc.SqlScriptsTestExecutionListener@5436e90b, org.springframework.security.test.context.support.WithSecurityContextTestExecutionListener@29ff4207, org.springframework.security.test.context.support.ReactorContextTestExecutionListener@352c81dd, org.springframework.boot.test.autoconfigure.restdocs.RestDocsTestExecutionListener@2378b10, org.springframework.boot.test.autoconfigure.web.client.MockRestServiceServerResetTestExecutionListener@61aa54ec, org.springframework.boot.test.autoconfigure.web.servlet.MockMvcPrintOnlyOnFailureTestExecutionListener@3296cda4, org.springframework.boot.test.autoconfigure.web.servlet.WebDriverTestExecutionListener@63659042, org.springframework.boot.test.mock.mockito.ResetMocksTestExecutionListener@5d34f835]
2020-09-04 15:28:40.518  INFO 9268 --- [    Test worker] o.a.c.c.C.[Tomcat].[localhost].[/]       : Initializing Spring TestDispatcherServlet ''
2020-09-04 15:28:40.518  INFO 9268 --- [    Test worker] o.s.t.web.servlet.TestDispatcherServlet  : Initializing Servlet ''
2020-09-04 15:28:40.533  INFO 9268 --- [    Test worker] o.s.t.web.servlet.TestDispatcherServlet  : Completed initialization in 15 ms
Hibernate: insert into posts (created_date, modified_date, author, content, title) values (?, ?, ?, ?, ?)
Hibernate: select posts0_.id as id1_0_0_, posts0_.created_date as created_2_0_0_, posts0_.modified_date as modified3_0_0_, posts0_.author as author4_0_0_, posts0_.content as content5_0_0_, posts0_.title as title6_0_0_ from posts posts0_ where posts0_.id=?
Hibernate: update posts set created_date=?, modified_date=?, author=?, content=?, title=? where id=?
Hibernate: select posts0_.id as id1_0_, posts0_.created_date as created_2_0_, posts0_.modified_date as modified3_0_, posts0_.author as author4_0_, posts0_.content as content5_0_, posts0_.title as title6_0_ from posts posts0_
Hibernate: select posts0_.id as id1_0_, posts0_.created_date as created_2_0_, posts0_.modified_date as modified3_0_, posts0_.author as author4_0_, posts0_.content as content5_0_, posts0_.title as title6_0_ from posts posts0_
Hibernate: delete from posts where id=?
2020-09-04 15:28:40.611  INFO 9268 --- [    Test worker] o.a.c.c.C.[Tomcat].[localhost].[/]       : Initializing Spring TestDispatcherServlet ''
2020-09-04 15:28:40.611  INFO 9268 --- [    Test worker] o.s.t.web.servlet.TestDispatcherServlet  : Initializing Servlet ''
2020-09-04 15:28:40.611  INFO 9268 --- [    Test worker] o.s.t.web.servlet.TestDispatcherServlet  : Completed initialization in 0 ms
Hibernate: insert into posts (created_date, modified_date, author, content, title) values (?, ?, ?, ?, ?)
Hibernate: select posts0_.id as id1_0_, posts0_.created_date as created_2_0_, posts0_.modified_date as modified3_0_, posts0_.author as author4_0_, posts0_.content as content5_0_, posts0_.title as title6_0_ from posts posts0_
Hibernate: select posts0_.id as id1_0_, posts0_.created_date as created_2_0_, posts0_.modified_date as modified3_0_, posts0_.author as author4_0_, posts0_.content as content5_0_, posts0_.title as title6_0_ from posts posts0_
Hibernate: delete from posts where id=?
]]></system-out>
  <system-err><![CDATA[]]></system-err>
</testsuite>
