<?xml version="1.0" encoding="UTF-8"?>
<testsuite name="com.boot.awsbook.springboot.web.HelloControllerTest" tests="2" skipped="0" failures="0" errors="0" timestamp="2020-09-04T06:28:40" hostname="LAPTOP-U2EIVEB9" time="0.116">
  <properties/>
  <testcase name="returnHelloDto" classname="com.boot.awsbook.springboot.web.HelloControllerTest" time="0.108"/>
  <testcase name="returnHello" classname="com.boot.awsbook.springboot.web.HelloControllerTest" time="0.007"/>
  <system-out><![CDATA[2020-09-04 15:28:39.439  INFO 9268 --- [    Test worker] .b.t.a.w.s.WebMvcTestContextBootstrapper : Neither @ContextConfiguration nor @ContextHierarchy found for test class [com.boot.awsbook.springboot.web.HelloControllerTest], using SpringBootContextLoader
2020-09-04 15:28:39.439  INFO 9268 --- [    Test worker] o.s.t.c.support.AbstractContextLoader    : Could not detect default resource locations for test class [com.boot.awsbook.springboot.web.HelloControllerTest]: no resource found for suffixes {-context.xml, Context.groovy}.
2020-09-04 15:28:39.439  INFO 9268 --- [    Test worker] t.c.s.AnnotationConfigContextLoaderUtils : Could not detect default configuration classes for test class [com.boot.awsbook.springboot.web.HelloControllerTest]: HelloControllerTest does not declare any static, non-private, non-final, nested classes annotated with @Configuration.
2020-09-04 15:28:39.455  INFO 9268 --- [    Test worker] .b.t.c.SpringBootTestContextBootstrapper : Found @SpringBootConfiguration com.boot.awsbook.springboot.Application for test class com.boot.awsbook.springboot.web.HelloControllerTest
2020-09-04 15:28:39.455  INFO 9268 --- [    Test worker] .b.t.a.w.s.WebMvcTestContextBootstrapper : Loaded default TestExecutionListener class names from location [META-INF/spring.factories]: [org.springframework.security.test.context.support.WithSecurityContextTestExecutionListener, org.springframework.security.test.context.support.ReactorContextTestExecutionListener, org.springframework.boot.test.autoconfigure.restdocs.RestDocsTestExecutionListener, org.springframework.boot.test.autoconfigure.web.client.MockRestServiceServerResetTestExecutionListener, org.springframework.boot.test.autoconfigure.web.servlet.MockMvcPrintOnlyOnFailureTestExecutionListener, org.springframework.boot.test.autoconfigure.web.servlet.WebDriverTestExecutionListener, org.springframework.boot.test.mock.mockito.MockitoTestExecutionListener, org.springframework.boot.test.mock.mockito.ResetMocksTestExecutionListener, org.springframework.test.context.web.ServletTestExecutionListener, org.springframework.test.context.support.DirtiesContextBeforeModesTestExecutionListener, org.springframework.test.context.support.DependencyInjectionTestExecutionListener, org.springframework.test.context.support.DirtiesContextTestExecutionListener, org.springframework.test.context.transaction.TransactionalTestExecutionListener, org.springframework.test.context.jdbc.SqlScriptsTestExecutionListener]
2020-09-04 15:28:39.455  INFO 9268 --- [    Test worker] .b.t.a.w.s.WebMvcTestContextBootstrapper : Using TestExecutionListeners: [org.springframework.test.context.web.ServletTestExecutionListener@5ab16616, org.springframework.test.context.support.DirtiesContextBeforeModesTestExecutionListener@48ba3aeb, org.springframework.boot.test.mock.mockito.MockitoTestExecutionListener@354c3069, org.springframework.boot.test.autoconfigure.SpringBootDependencyInjectionTestExecutionListener@411d6939, org.springframework.test.context.support.DirtiesContextTestExecutionListener@104d26da, org.springframework.test.context.transaction.TransactionalTestExecutionListener@9b92b5a, org.springframework.test.context.jdbc.SqlScriptsTestExecutionListener@5da28d7c, org.springframework.security.test.context.support.WithSecurityContextTestExecutionListener@77dc7350, org.springframework.security.test.context.support.ReactorContextTestExecutionListener@edef087, org.springframework.boot.test.autoconfigure.restdocs.RestDocsTestExecutionListener@4e7de9fd, org.springframework.boot.test.autoconfigure.web.client.MockRestServiceServerResetTestExecutionListener@7fd4423, org.springframework.boot.test.autoconfigure.web.servlet.MockMvcPrintOnlyOnFailureTestExecutionListener@132ff17f, org.springframework.boot.test.autoconfigure.web.servlet.WebDriverTestExecutionListener@6a8c7155, org.springframework.boot.test.mock.mockito.ResetMocksTestExecutionListener@4b1f4ff8]

  .   ____          _            __ _ _
 /\\ / ___'_ __ _ _(_)_ __  __ _ \ \ \ \
( ( )\___ | '_ | '_| | '_ \/ _` | \ \ \ \
 \\/  ___)| |_)| | | | | || (_| |  ) ) ) )
  '  |____| .__|_| |_|_| |_\__, | / / / /
 =========|_|==============|___/=/_/_/_/
 :: Spring Boot ::        (v2.1.7.RELEASE)

2020-09-04 15:28:39.486  INFO 9268 --- [    Test worker] c.b.a.s.web.HelloControllerTest          : Starting HelloControllerTest on LAPTOP-U2EIVEB9 with PID 9268 (started by findh in C:\Users\findh\Projects\springboot-webservice)
2020-09-04 15:28:39.486  INFO 9268 --- [    Test worker] c.b.a.s.web.HelloControllerTest          : No active profile set, falling back to default profiles: default
2020-09-04 15:28:39.908  INFO 9268 --- [    Test worker] o.s.s.concurrent.ThreadPoolTaskExecutor  : Initializing ExecutorService 'applicationTaskExecutor'
2020-09-04 15:28:39.940  INFO 9268 --- [    Test worker] o.s.b.a.w.s.WelcomePageHandlerMapping    : Adding welcome page template: index
2020-09-04 15:28:40.174  INFO 9268 --- [    Test worker] .s.s.UserDetailsServiceAutoConfiguration : 

Using generated security password: 879c9fd9-f580-442a-a2c7-c7536b6790a8

2020-09-04 15:28:40.330  INFO 9268 --- [    Test worker] o.s.s.web.DefaultSecurityFilterChain     : Creating filter chain: any request, [org.springframework.security.web.context.request.async.WebAsyncManagerIntegrationFilter@12840586, org.springframework.security.web.context.SecurityContextPersistenceFilter@36b7ce07, org.springframework.security.web.header.HeaderWriterFilter@458fb091, org.springframework.security.web.csrf.CsrfFilter@208f4b68, org.springframework.security.web.authentication.logout.LogoutFilter@8b25342, org.springframework.security.web.authentication.UsernamePasswordAuthenticationFilter@7dbc3e3, org.springframework.security.web.authentication.ui.DefaultLoginPageGeneratingFilter@217f5d80, org.springframework.security.web.authentication.ui.DefaultLogoutPageGeneratingFilter@2a4a5646, org.springframework.security.web.authentication.www.BasicAuthenticationFilter@3d969c1e, org.springframework.security.web.savedrequest.RequestCacheAwareFilter@d63ad13, org.springframework.security.web.servletapi.SecurityContextHolderAwareRequestFilter@35508f16, org.springframework.security.web.authentication.AnonymousAuthenticationFilter@23b5597d, org.springframework.security.web.session.SessionManagementFilter@1f816743, org.springframework.security.web.access.ExceptionTranslationFilter@71394ac8, org.springframework.security.web.access.intercept.FilterSecurityInterceptor@c209a6]
2020-09-04 15:28:40.346  INFO 9268 --- [    Test worker] o.s.b.t.m.w.SpringBootMockServletContext : Initializing Spring TestDispatcherServlet ''
2020-09-04 15:28:40.346  INFO 9268 --- [    Test worker] o.s.t.web.servlet.TestDispatcherServlet  : Initializing Servlet ''
2020-09-04 15:28:40.361  INFO 9268 --- [    Test worker] o.s.t.web.servlet.TestDispatcherServlet  : Completed initialization in 15 ms
2020-09-04 15:28:40.393  INFO 9268 --- [    Test worker] c.b.a.s.web.HelloControllerTest          : Started HelloControllerTest in 0.938 seconds (JVM running for 10.76)
]]></system-out>
  <system-err><![CDATA[]]></system-err>
</testsuite>
