<?xml version="1.0" encoding="UTF-8"?>
<testsuite name="com.boot.awsbook.springboot.domain.posts.PostRepositoryTest" tests="2" skipped="0" failures="0" errors="0" timestamp="2020-09-04T06:28:39" hostname="LAPTOP-U2EIVEB9" time="0.135">
  <properties/>
  <testcase name="save_findPost" classname="com.boot.awsbook.springboot.domain.posts.PostRepositoryTest" time="0.124"/>
  <testcase name="BaseTimeEntitySave" classname="com.boot.awsbook.springboot.domain.posts.PostRepositoryTest" time="0.01"/>
  <system-out><![CDATA[2020-09-04 15:28:37.377  INFO 9268 --- [    Test worker] .b.t.c.SpringBootTestContextBootstrapper : Neither @ContextConfiguration nor @ContextHierarchy found for test class [com.boot.awsbook.springboot.domain.posts.PostRepositoryTest], using SpringBootContextLoader
2020-09-04 15:28:37.392  INFO 9268 --- [    Test worker] o.s.t.c.support.AbstractContextLoader    : Could not detect default resource locations for test class [com.boot.awsbook.springboot.domain.posts.PostRepositoryTest]: no resource found for suffixes {-context.xml, Context.groovy}.
2020-09-04 15:28:37.392  INFO 9268 --- [    Test worker] t.c.s.AnnotationConfigContextLoaderUtils : Could not detect default configuration classes for test class [com.boot.awsbook.springboot.domain.posts.PostRepositoryTest]: PostRepositoryTest does not declare any static, non-private, non-final, nested classes annotated with @Configuration.
2020-09-04 15:28:37.392  INFO 9268 --- [    Test worker] .b.t.c.SpringBootTestContextBootstrapper : Found @SpringBootConfiguration com.boot.awsbook.springboot.Application for test class com.boot.awsbook.springboot.domain.posts.PostRepositoryTest
2020-09-04 15:28:37.392  INFO 9268 --- [    Test worker] .b.t.c.SpringBootTestContextBootstrapper : Loaded default TestExecutionListener class names from location [META-INF/spring.factories]: [org.springframework.security.test.context.support.WithSecurityContextTestExecutionListener, org.springframework.security.test.context.support.ReactorContextTestExecutionListener, org.springframework.boot.test.autoconfigure.restdocs.RestDocsTestExecutionListener, org.springframework.boot.test.autoconfigure.web.client.MockRestServiceServerResetTestExecutionListener, org.springframework.boot.test.autoconfigure.web.servlet.MockMvcPrintOnlyOnFailureTestExecutionListener, org.springframework.boot.test.autoconfigure.web.servlet.WebDriverTestExecutionListener, org.springframework.boot.test.mock.mockito.MockitoTestExecutionListener, org.springframework.boot.test.mock.mockito.ResetMocksTestExecutionListener, org.springframework.test.context.web.ServletTestExecutionListener, org.springframework.test.context.support.DirtiesContextBeforeModesTestExecutionListener, org.springframework.test.context.support.DependencyInjectionTestExecutionListener, org.springframework.test.context.support.DirtiesContextTestExecutionListener, org.springframework.test.context.transaction.TransactionalTestExecutionListener, org.springframework.test.context.jdbc.SqlScriptsTestExecutionListener]
2020-09-04 15:28:37.392  INFO 9268 --- [    Test worker] .b.t.c.SpringBootTestContextBootstrapper : Using TestExecutionListeners: [org.springframework.test.context.web.ServletTestExecutionListener@6168bfb1, org.springframework.test.context.support.DirtiesContextBeforeModesTestExecutionListener@dab330b, org.springframework.boot.test.mock.mockito.MockitoTestExecutionListener@4ec117b9, org.springframework.boot.test.autoconfigure.SpringBootDependencyInjectionTestExecutionListener@253108e0, org.springframework.test.context.support.DirtiesContextTestExecutionListener@100aec0, org.springframework.test.context.transaction.TransactionalTestExecutionListener@55e7e680, org.springframework.test.context.jdbc.SqlScriptsTestExecutionListener@135d4f5a, org.springframework.security.test.context.support.WithSecurityContextTestExecutionListener@3e8623d9, org.springframework.security.test.context.support.ReactorContextTestExecutionListener@3a74fc67, org.springframework.boot.test.autoconfigure.restdocs.RestDocsTestExecutionListener@50cdde4f, org.springframework.boot.test.autoconfigure.web.client.MockRestServiceServerResetTestExecutionListener@29937c93, org.springframework.boot.test.autoconfigure.web.servlet.MockMvcPrintOnlyOnFailureTestExecutionListener@26041a93, org.springframework.boot.test.autoconfigure.web.servlet.WebDriverTestExecutionListener@3b8e5df0, org.springframework.boot.test.mock.mockito.ResetMocksTestExecutionListener@50fd368]

  .   ____          _            __ _ _
 /\\ / ___'_ __ _ _(_)_ __  __ _ \ \ \ \
( ( )\___ | '_ | '_| | '_ \/ _` | \ \ \ \
 \\/  ___)| |_)| | | | | || (_| |  ) ) ) )
  '  |____| .__|_| |_|_| |_\__, | / / / /
 =========|_|==============|___/=/_/_/_/
 :: Spring Boot ::        (v2.1.7.RELEASE)

2020-09-04 15:28:37.424  INFO 9268 --- [    Test worker] c.b.a.s.domain.posts.PostRepositoryTest  : Starting PostRepositoryTest on LAPTOP-U2EIVEB9 with PID 9268 (started by findh in C:\Users\findh\Projects\springboot-webservice)
2020-09-04 15:28:37.424  INFO 9268 --- [    Test worker] c.b.a.s.domain.posts.PostRepositoryTest  : No active profile set, falling back to default profiles: default
2020-09-04 15:28:37.674  INFO 9268 --- [    Test worker] .s.d.r.c.RepositoryConfigurationDelegate : Bootstrapping Spring Data repositories in DEFAULT mode.
2020-09-04 15:28:37.705  INFO 9268 --- [    Test worker] .s.d.r.c.RepositoryConfigurationDelegate : Finished Spring Data repository scanning in 31ms. Found 2 repository interfaces.
2020-09-04 15:28:37.830  INFO 9268 --- [    Test worker] trationDelegate$BeanPostProcessorChecker : Bean 'org.springframework.transaction.annotation.ProxyTransactionManagementConfiguration' of type [org.springframework.transaction.annotation.ProxyTransactionManagementConfiguration$$EnhancerBySpringCGLIB$$e1c4a779] is not eligible for getting processed by all BeanPostProcessors (for example: not eligible for auto-proxying)
2020-09-04 15:28:37.924  INFO 9268 --- [    Test worker] com.zaxxer.hikari.HikariDataSource       : HikariPool-2 - Starting...
2020-09-04 15:28:37.924  INFO 9268 --- [    Test worker] com.zaxxer.hikari.HikariDataSource       : HikariPool-2 - Start completed.
2020-09-04 15:28:37.971  INFO 9268 --- [    Test worker] o.hibernate.jpa.internal.util.LogHelper  : HHH000204: Processing PersistenceUnitInfo [
	name: default
	...]
2020-09-04 15:28:37.986  INFO 9268 --- [    Test worker] org.hibernate.dialect.Dialect            : HHH000400: Using dialect: org.hibernate.dialect.MySQL5InnoDBDialect
Hibernate: drop table if exists posts
Hibernate: drop table if exists user
Hibernate: create table posts (id bigint not null auto_increment, created_date datetime, modified_date datetime, author varchar(255), content TEXT not null, title varchar(500) not null, primary key (id)) engine=InnoDB
Hibernate: create table user (id bigint not null auto_increment, created_date datetime, modified_date datetime, email varchar(255) not null, name varchar(255) not null, picture varchar(255), role varchar(255) not null, primary key (id)) engine=InnoDB
2020-09-04 15:28:38.033  INFO 9268 --- [    Test worker] o.h.t.schema.internal.SchemaCreatorImpl  : HHH000476: Executing import script 'org.hibernate.tool.schema.internal.exec.ScriptSourceInputNonExistentImpl@43267eac'
2020-09-04 15:28:38.033  INFO 9268 --- [    Test worker] j.LocalContainerEntityManagerFactoryBean : Initialized JPA EntityManagerFactory for persistence unit 'default'
2020-09-04 15:28:38.252  INFO 9268 --- [    Test worker] o.h.h.i.QueryTranslatorFactoryInitiator  : HHH000397: Using ASTQueryTranslatorFactory
2020-09-04 15:28:38.455  INFO 9268 --- [    Test worker] o.s.s.web.DefaultSecurityFilterChain     : Creating filter chain: any request, [org.springframework.security.web.context.request.async.WebAsyncManagerIntegrationFilter@56554059, org.springframework.security.web.context.SecurityContextPersistenceFilter@6aa08445, org.springframework.security.web.header.HeaderWriterFilter@6835d0fa, org.springframework.security.web.authentication.logout.LogoutFilter@69a5cb7d, org.springframework.security.oauth2.client.web.OAuth2AuthorizationRequestRedirectFilter@8206fb8, org.springframework.security.oauth2.client.web.OAuth2LoginAuthenticationFilter@7fc1759e, org.springframework.security.web.authentication.ui.DefaultLoginPageGeneratingFilter@7c9f56d, org.springframework.security.web.authentication.ui.DefaultLogoutPageGeneratingFilter@5be31a68, org.springframework.security.web.savedrequest.RequestCacheAwareFilter@51406231, org.springframework.security.web.servletapi.SecurityContextHolderAwareRequestFilter@17b4dae3, org.springframework.security.web.authentication.AnonymousAuthenticationFilter@50b5e303, org.springframework.security.web.session.SessionManagementFilter@50e800b8, org.springframework.security.web.access.ExceptionTranslationFilter@465fa080, org.springframework.security.web.access.intercept.FilterSecurityInterceptor@36e77b80]
2020-09-04 15:28:38.783  INFO 9268 --- [    Test worker] o.s.s.concurrent.ThreadPoolTaskExecutor  : Initializing ExecutorService 'applicationTaskExecutor'
2020-09-04 15:28:38.830  WARN 9268 --- [    Test worker] aWebConfiguration$JpaWebMvcConfiguration : spring.jpa.open-in-view is enabled by default. Therefore, database queries may be performed during view rendering. Explicitly configure spring.jpa.open-in-view to disable this warning
2020-09-04 15:28:38.861  INFO 9268 --- [    Test worker] o.s.b.a.w.s.WelcomePageHandlerMapping    : Adding welcome page template: index
2020-09-04 15:28:39.268  INFO 9268 --- [    Test worker] s.a.ScheduledAnnotationBeanPostProcessor : No TaskScheduler/ScheduledExecutorService bean found for scheduled processing
2020-09-04 15:28:39.283  INFO 9268 --- [    Test worker] c.b.a.s.domain.posts.PostRepositoryTest  : Started PostRepositoryTest in 1.891 seconds (JVM running for 9.648)
Hibernate: insert into posts (created_date, modified_date, author, content, title) values (?, ?, ?, ?, ?)
Hibernate: select posts0_.id as id1_0_, posts0_.created_date as created_2_0_, posts0_.modified_date as modified3_0_, posts0_.author as author4_0_, posts0_.content as content5_0_, posts0_.title as title6_0_ from posts posts0_
Hibernate: select posts0_.id as id1_0_, posts0_.created_date as created_2_0_, posts0_.modified_date as modified3_0_, posts0_.author as author4_0_, posts0_.content as content5_0_, posts0_.title as title6_0_ from posts posts0_
Hibernate: delete from posts where id=?
Hibernate: insert into posts (created_date, modified_date, author, content, title) values (?, ?, ?, ?, ?)
Hibernate: select posts0_.id as id1_0_, posts0_.created_date as created_2_0_, posts0_.modified_date as modified3_0_, posts0_.author as author4_0_, posts0_.content as content5_0_, posts0_.title as title6_0_ from posts posts0_
>>>>>>>>>>>>>>>>>>>> createDate=2020-09-04T15:28:39.424, modifiedDate=2020-09-04T15:28:39.424
Hibernate: select posts0_.id as id1_0_, posts0_.created_date as created_2_0_, posts0_.modified_date as modified3_0_, posts0_.author as author4_0_, posts0_.content as content5_0_, posts0_.title as title6_0_ from posts posts0_
Hibernate: delete from posts where id=?
]]></system-out>
  <system-err><![CDATA[]]></system-err>
</testsuite>
