<?xml version="1.0" encoding="UTF-8"?>
<testsuite name="com.boot.awsbook.springboot.web.dto.HelloResponseDtoTest" tests="1" skipped="0" failures="0" errors="0" timestamp="2020-09-10T01:33:04" hostname="LAPTOP-U2EIVEB9" time="0.022">
  <properties/>
  <testcase name="lombokTest" classname="com.boot.awsbook.springboot.web.dto.HelloResponseDtoTest" time="0.022"/>
  <system-out><![CDATA[]]></system-out>
  <system-err><![CDATA[]]></system-err>
</testsuite>
